<?xml version="1.0" encoding="utf-8"?><testsuites name="pytest tests"><testsuite name="pytest" errors="0" failures="0" skipped="0" tests="13" time="0.817" timestamp="2026-02-10T00:48:29.859458+00:00" hostname="agent-env-8e42ab96-a639-412e-a295-f88810f9c405"><testcase classname="backend.tests.test_expiry_features.TestPantryExpiryFeatures" name="test_add_pantry_item_with_expiry_date" time="0.091" /><testcase classname="backend.tests.test_expiry_features.TestPantryExpiryFeatures" name="test_add_pantry_item_expired" time="0.039" /><testcase classname="backend.tests.test_expiry_features.TestPantryExpiryFeatures" name="test_add_pantry_item_expiring_in_7_days" time="0.037" /><testcase classname="backend.tests.test_expiry_features.TestPantryExpiryFeatures" name="test_update_pantry_item_expiry_date" time="0.059" /><testcase classname="backend.tests.test_expiry_features.TestPantryExpiryFeatures" name="test_remove_pantry_item_expiry_date" time="0.056" /><testcase classname="backend.tests.test_expiry_features.TestExpiringItemsAPI" name="test_get_expiring_items_default_7_days" time="0.074" /><testcase classname="backend.tests.test_expiry_features.TestExpiringItemsAPI" name="test_get_expiring_items_custom_days" time="0.033" /><testcase classname="backend.tests.test_expiry_features.TestMealSuggestionsWithExpiring" name="test_meal_suggestions_without_expiring_filter" time="0.032" /><testcase classname="backend.tests.test_expiry_features.TestMealSuggestionsWithExpiring" name="test_meal_suggestions_with_expiring_filter" time="0.038" /><testcase classname="backend.tests.test_expiry_features.TestMealSuggestionsWithExpiring" name="test_meal_suggestions_with_meal_type_and_expiring" time="0.036" /><testcase classname="backend.tests.test_expiry_features.TestSharedIngredientsFeature" name="test_recipes_grouped_by_ingredients" time="0.039" /><testcase classname="backend.tests.test_expiry_features.TestSharedIngredientsFeature" name="test_suggestions_include_shared_ingredient_count" time="0.033" /><testcase classname="backend.tests.test_expiry_features.TestCleanup" name="test_cleanup_test_items" time="0.174" /></testsuite></testsuites>