<?xml version="1.0" encoding="utf-8"?><testsuites name="pytest tests"><testsuite name="pytest" errors="0" failures="0" skipped="0" tests="10" time="149.766" timestamp="2026-02-08T17:31:47.028709+00:00" hostname="agent-env-48139337-2a71-40bf-9f30-cd1e10454d2d"><testcase classname="backend.tests.test_features_iteration5.TestRecipeCategoriesAPI" name="test_create_recipe_with_categories" time="18.178" /><testcase classname="backend.tests.test_features_iteration5.TestRecipeCategoriesAPI" name="test_update_recipe_categories" time="16.881" /><testcase classname="backend.tests.test_features_iteration5.TestRecipeCategoriesAPI" name="test_update_categories_remove_all" time="15.503" /><testcase classname="backend.tests.test_features_iteration5.TestRecipeCategoriesAPI" name="test_update_categories_invalid_recipe" time="0.079" /><testcase classname="backend.tests.test_features_iteration5.TestPantryCookAPI" name="test_cook_recipe_deducts_pantry" time="24.179" /><testcase classname="backend.tests.test_features_iteration5.TestPantryCookAPI" name="test_cook_recipe_with_missing_ingredients" time="16.219" /><testcase classname="backend.tests.test_features_iteration5.TestPantryCookAPI" name="test_cook_recipe_not_found" time="0.041" /><testcase classname="backend.tests.test_features_iteration5.TestPantryCookAPI" name="test_cook_recipe_with_servings_multiplier" time="15.197" /><testcase classname="backend.tests.test_features_iteration5.TestRecipeFilterByCategory" name="test_recipes_have_categories_field" time="0.173" /><testcase classname="backend.tests.test_features_iteration5.TestRecipeFilterByCategory" name="test_create_recipes_with_different_categories" time="43.259" /></testsuite></testsuites>