<?xml version="1.0" encoding="utf-8"?><testsuites name="pytest tests"><testsuite name="pytest" errors="0" failures="0" skipped="0" tests="11" time="7.907" timestamp="2026-02-10T19:49:59.736033+00:00" hostname="agent-env-96b22322-ec61-42fe-b3d7-e99651b04957"><testcase classname="backend.tests.test_expiry_receipt.TestExpiringItems" name="test_get_expiring_items_endpoint_exists" time="6.690" /><testcase classname="backend.tests.test_expiry_receipt.TestExpiringItems" name="test_get_expiring_items_with_days_param" time="0.056" /><testcase classname="backend.tests.test_expiry_receipt.TestExpiringItems" name="test_add_pantry_item_with_expiry_date" time="0.049" /><testcase classname="backend.tests.test_expiry_receipt.TestExpiringItems" name="test_add_expired_item" time="0.089" /><testcase classname="backend.tests.test_expiry_receipt.TestExpiringItems" name="test_expiring_items_response_structure" time="0.035" /><testcase classname="backend.tests.test_expiry_receipt.TestReceiptScanning" name="test_scan_receipt_endpoint_exists" time="0.601" /><testcase classname="backend.tests.test_expiry_receipt.TestReceiptScanning" name="test_add_from_receipt_endpoint_exists" time="0.036" /><testcase classname="backend.tests.test_expiry_receipt.TestReceiptScanning" name="test_add_from_receipt_creates_items" time="0.047" /><testcase classname="backend.tests.test_expiry_receipt.TestReceiptScanning" name="test_add_from_receipt_updates_existing" time="0.064" /><testcase classname="backend.tests.test_expiry_receipt.TestReceiptScanning" name="test_add_from_receipt_empty_items" time="0.038" /><testcase classname="backend.tests.test_expiry_receipt.TestCleanup" name="test_cleanup_test_items" time="0.143" /></testsuite></testsuites>