<?xml version="1.0" encoding="utf-8"?><testsuites name="pytest tests"><testsuite name="pytest" errors="0" failures="0" skipped="0" tests="14" time="2.238" timestamp="2026-02-09T11:18:22.863950+00:00" hostname="agent-env-9faa2a26-137c-4579-b416-0ecf8b19f5d8"><testcase classname="backend.tests.test_reviews_and_sorting.TestCORSAndAuth" name="test_auth_me_returns_200_for_authenticated_user" time="0.062" /><testcase classname="backend.tests.test_reviews_and_sorting.TestCORSAndAuth" name="test_auth_me_returns_401_for_unauthenticated_user" time="0.039" /><testcase classname="backend.tests.test_reviews_and_sorting.TestRecipesSorting" name="test_get_recipes_default_sort" time="0.441" /><testcase classname="backend.tests.test_reviews_and_sorting.TestRecipesSorting" name="test_get_recipes_sort_by_popularity" time="0.341" /><testcase classname="backend.tests.test_reviews_and_sorting.TestRecipesSorting" name="test_get_recipes_sort_by_newest" time="0.429" /><testcase classname="backend.tests.test_reviews_and_sorting.TestReviewsCRUD" name="test_get_reviews_for_recipe" time="0.037" /><testcase classname="backend.tests.test_reviews_and_sorting.TestReviewsCRUD" name="test_add_review_to_recipe" time="0.038" /><testcase classname="backend.tests.test_reviews_and_sorting.TestReviewsCRUD" name="test_add_review_updates_recipe_average_rating" time="0.157" /><testcase classname="backend.tests.test_reviews_and_sorting.TestReviewsCRUD" name="test_add_review_without_comment" time="0.038" /><testcase classname="backend.tests.test_reviews_and_sorting.TestReviewsCRUD" name="test_add_review_invalid_rating" time="0.035" /><testcase classname="backend.tests.test_reviews_and_sorting.TestReviewsCRUD" name="test_add_review_to_nonexistent_recipe" time="0.038" /><testcase classname="backend.tests.test_reviews_and_sorting.TestReviewsCRUD" name="test_get_reviews_for_nonexistent_recipe" time="0.035" /><testcase classname="backend.tests.test_reviews_and_sorting.TestRecipeRatingFields" name="test_recipe_has_rating_fields" time="0.080" /><testcase classname="backend.tests.test_reviews_and_sorting.TestRecipeRatingFields" name="test_recipes_list_includes_rating_fields" time="0.389" /></testsuite></testsuites>