<?xml version="1.0" encoding="utf-8"?><testsuites name="pytest tests"><testsuite name="pytest" errors="0" failures="1" skipped="0" tests="10" time="16.281" timestamp="2026-02-10T17:48:14.731842+00:00" hostname="agent-env-8e42ab96-a639-412e-a295-f88810f9c405"><testcase classname="backend.tests.test_iteration12_critical_fixes.TestRecipeGroupingAPI" name="test_recipes_grouped_endpoint_exists" time="0.096" /><testcase classname="backend.tests.test_iteration12_critical_fixes.TestRecipeGroupingAPI" name="test_recipes_grouped_response_structure" time="0.052" /><testcase classname="backend.tests.test_iteration12_critical_fixes.TestRecipeGroupingAPI" name="test_recipes_grouped_count_field" time="0.048" /><testcase classname="backend.tests.test_iteration12_critical_fixes.TestRecipeGroupingAPI" name="test_recipes_grouped_recipe_structure" time="1.084" /><testcase classname="backend.tests.test_iteration12_critical_fixes.TestRecipeCreationWithImageChoice" name="test_create_recipe_with_ai_image" time="14.623" /><testcase classname="backend.tests.test_iteration12_critical_fixes.TestRecipeCreationWithImageChoice" name="test_create_recipe_without_image" time="0.074" /><testcase classname="backend.tests.test_iteration12_critical_fixes.TestRecipeCreationWithImageChoice" name="test_create_recipe_with_own_image" time="0.070" /><testcase classname="backend.tests.test_iteration12_critical_fixes.TestMealSuggestionsAPI" name="test_suggestions_endpoint_exists" time="0.045" /><testcase classname="backend.tests.test_iteration12_critical_fixes.TestMealSuggestionsAPI" name="test_suggestions_response_structure" time="0.046" /><testcase classname="backend.tests.test_iteration12_critical_fixes.TestHealthEndpoint" name="test_health_endpoint" time="0.037"><failure message="requests.exceptions.JSONDecodeError: Expecting value: line 1 column 1 (char 0)">/root/.venv/lib/python3.11/site-packages/requests/models.py:976: in json
    return complexjson.loads(self.text, **kwargs)
           ^^^^^^^^^^^^^^^^^^^^^^^^^^^^^^^^^^^^^^
/usr/local/lib/python3.11/json/__init__.py:346: in loads
    return _default_decoder.decode(s)
           ^^^^^^^^^^^^^^^^^^^^^^^^^^
/usr/local/lib/python3.11/json/decoder.py:337: in decode
    obj, end = self.raw_decode(s, idx=_w(s, 0).end())
               ^^^^^^^^^^^^^^^^^^^^^^^^^^^^^^^^^^^^^^
/usr/local/lib/python3.11/json/decoder.py:355: in raw_decode
    raise JSONDecodeError("Expecting value", s, err.value) from None
E   json.decoder.JSONDecodeError: Expecting value: line 1 column 1 (char 0)

During handling of the above exception, another exception occurred:
backend/tests/test_iteration12_critical_fixes.py:183: in test_health_endpoint
    data = response.json()
           ^^^^^^^^^^^^^^^
/root/.venv/lib/python3.11/site-packages/requests/models.py:980: in json
    raise RequestsJSONDecodeError(e.msg, e.doc, e.pos)
E   requests.exceptions.JSONDecodeError: Expecting value: line 1 column 1 (char 0)</failure></testcase></testsuite></testsuites>