<?xml version="1.0" encoding="utf-8"?><testsuites name="pytest tests"><testsuite name="pytest" errors="0" failures="1" skipped="0" tests="13" time="0.707" timestamp="2026-02-10T00:46:49.845538+00:00" hostname="agent-env-8e42ab96-a639-412e-a295-f88810f9c405"><testcase classname="backend.tests.test_expiry_features.TestPantryExpiryFeatures" name="test_add_pantry_item_with_expiry_date" time="0.071" /><testcase classname="backend.tests.test_expiry_features.TestPantryExpiryFeatures" name="test_add_pantry_item_expired" time="0.036" /><testcase classname="backend.tests.test_expiry_features.TestPantryExpiryFeatures" name="test_add_pantry_item_expiring_in_7_days" time="0.035" /><testcase classname="backend.tests.test_expiry_features.TestPantryExpiryFeatures" name="test_update_pantry_item_expiry_date" time="0.061" /><testcase classname="backend.tests.test_expiry_features.TestPantryExpiryFeatures" name="test_remove_pantry_item_expiry_date" time="0.052"><failure message="AssertionError: assert '2026-02-13' is None&#10; +  where '2026-02-13' = &lt;built-in method get of dict object at 0xfcab3da33100&gt;('expiry_date')&#10; +    where &lt;built-in method get of dict object at 0xfcab3da33100&gt; = {'category': 'produce', 'expiry_date': '2026-02-13', 'id': 'aa966ec0-e253-4dcb-af3a-ac8c6bc51403', 'last_updated': '2026-02-10T00:46:50.151757+00:00', ...}.get">backend/tests/test_expiry_features.py:165: in test_remove_pantry_item_expiry_date
    assert updated_item.get("expiry_date") is None
E   AssertionError: assert '2026-02-13' is None
E    +  where '2026-02-13' = &lt;built-in method get of dict object at 0xfcab3da33100&gt;('expiry_date')
E    +    where &lt;built-in method get of dict object at 0xfcab3da33100&gt; = {'category': 'produce', 'expiry_date': '2026-02-13', 'id': 'aa966ec0-e253-4dcb-af3a-ac8c6bc51403', 'last_updated': '2026-02-10T00:46:50.151757+00:00', ...}.get</failure></testcase><testcase classname="backend.tests.test_expiry_features.TestExpiringItemsAPI" name="test_get_expiring_items_default_7_days" time="0.042" /><testcase classname="backend.tests.test_expiry_features.TestExpiringItemsAPI" name="test_get_expiring_items_custom_days" time="0.034" /><testcase classname="backend.tests.test_expiry_features.TestMealSuggestionsWithExpiring" name="test_meal_suggestions_without_expiring_filter" time="0.038" /><testcase classname="backend.tests.test_expiry_features.TestMealSuggestionsWithExpiring" name="test_meal_suggestions_with_expiring_filter" time="0.039" /><testcase classname="backend.tests.test_expiry_features.TestMealSuggestionsWithExpiring" name="test_meal_suggestions_with_meal_type_and_expiring" time="0.033" /><testcase classname="backend.tests.test_expiry_features.TestSharedIngredientsFeature" name="test_recipes_grouped_by_ingredients" time="0.040" /><testcase classname="backend.tests.test_expiry_features.TestSharedIngredientsFeature" name="test_suggestions_include_shared_ingredient_count" time="0.038" /><testcase classname="backend.tests.test_expiry_features.TestCleanup" name="test_cleanup_test_items" time="0.090" /></testsuite></testsuites>