<?xml version="1.0" encoding="utf-8"?><testsuites name="pytest tests"><testsuite name="pytest" errors="0" failures="0" skipped="0" tests="14" time="0.970" timestamp="2026-02-10T17:07:42.646435+00:00" hostname="agent-env-8e42ab96-a639-412e-a295-f88810f9c405"><testcase classname="backend.tests.test_iteration11_features.TestAuthAndBasicEndpoints" name="test_auth_me" time="0.101" /><testcase classname="backend.tests.test_iteration11_features.TestAuthAndBasicEndpoints" name="test_api_root" time="0.036" /><testcase classname="backend.tests.test_iteration11_features.TestMealSuggestionsRelatedRecipeCount" name="test_suggestions_endpoint_returns_related_recipe_count" time="0.042" /><testcase classname="backend.tests.test_iteration11_features.TestMealSuggestionsRelatedRecipeCount" name="test_suggestions_with_expiring_filter" time="0.039" /><testcase classname="backend.tests.test_iteration11_features.TestRecipeCreationWithImageChoice" name="test_create_recipe_with_ai_image" time="0.164" /><testcase classname="backend.tests.test_iteration11_features.TestRecipeCreationWithImageChoice" name="test_create_recipe_with_no_image" time="0.047" /><testcase classname="backend.tests.test_iteration11_features.TestRecipeCreationWithImageChoice" name="test_create_recipe_with_own_base64_image" time="0.051" /><testcase classname="backend.tests.test_iteration11_features.TestWeeklyPlannerSuggestions" name="test_get_recipes_grouped" time="0.036" /><testcase classname="backend.tests.test_iteration11_features.TestWeeklyPlannerSuggestions" name="test_weekly_plan_crud" time="0.042" /><testcase classname="backend.tests.test_iteration11_features.TestRecipeLibraryImages" name="test_get_recipes_returns_image_urls" time="0.041" /><testcase classname="backend.tests.test_iteration11_features.TestPantryExpiringItems" name="test_get_expiring_soon" time="0.032" /><testcase classname="backend.tests.test_iteration11_features.TestPantryExpiringItems" name="test_add_pantry_item_with_expiry" time="0.137" /><testcase classname="backend.tests.test_iteration11_features.TestRecipeImportImageConversion" name="test_scrape_recipe_url_endpoint" time="0.101" /><testcase classname="backend.tests.test_iteration11_features.TestCompositeScoreCalculation" name="test_suggestions_have_composite_score" time="0.034" /></testsuite></testsuites>