<?xml version="1.0" encoding="utf-8"?><testsuites name="pytest tests"><testsuite name="pytest" errors="0" failures="0" skipped="0" tests="6" time="8.449" timestamp="2026-02-08T15:27:17.516434+00:00" hostname="agent-env-e68ac18a-2927-4c2d-bd21-858d0ce423eb"><testcase classname="backend.tests.test_parse_image.TestParseImageEndpoint" name="test_parse_image_extracts_ingredients" time="4.329" /><testcase classname="backend.tests.test_parse_image.TestParseImageEndpoint" name="test_parse_image_returns_raw_text" time="2.896" /><testcase classname="backend.tests.test_parse_image.TestParseImageEndpoint" name="test_parse_image_handles_blank_image" time="0.999" /><testcase classname="backend.tests.test_parse_image.TestParseImageEndpoint" name="test_parse_image_requires_file" time="0.040" /><testcase classname="backend.tests.test_parse_image.TestAPIHealth" name="test_api_root" time="0.034" /><testcase classname="backend.tests.test_parse_image.TestAPIHealth" name="test_recipes_endpoint" time="0.042" /></testsuite></testsuites>