<?xml version="1.0" encoding="utf-8"?><testsuites name="pytest tests"><testsuite name="pytest" errors="0" failures="0" skipped="0" tests="10" time="14.785" timestamp="2026-02-10T17:48:46.876777+00:00" hostname="agent-env-8e42ab96-a639-412e-a295-f88810f9c405"><testcase classname="backend.tests.test_iteration12_critical_fixes.TestRecipeGroupingAPI" name="test_recipes_grouped_endpoint_exists" time="0.096" /><testcase classname="backend.tests.test_iteration12_critical_fixes.TestRecipeGroupingAPI" name="test_recipes_grouped_response_structure" time="0.053" /><testcase classname="backend.tests.test_iteration12_critical_fixes.TestRecipeGroupingAPI" name="test_recipes_grouped_count_field" time="0.052" /><testcase classname="backend.tests.test_iteration12_critical_fixes.TestRecipeGroupingAPI" name="test_recipes_grouped_recipe_structure" time="0.047" /><testcase classname="backend.tests.test_iteration12_critical_fixes.TestRecipeCreationWithImageChoice" name="test_create_recipe_with_ai_image" time="14.192" /><testcase classname="backend.tests.test_iteration12_critical_fixes.TestRecipeCreationWithImageChoice" name="test_create_recipe_without_image" time="0.084" /><testcase classname="backend.tests.test_iteration12_critical_fixes.TestRecipeCreationWithImageChoice" name="test_create_recipe_with_own_image" time="0.072" /><testcase classname="backend.tests.test_iteration12_critical_fixes.TestMealSuggestionsAPI" name="test_suggestions_endpoint_exists" time="0.047" /><testcase classname="backend.tests.test_iteration12_critical_fixes.TestMealSuggestionsAPI" name="test_suggestions_response_structure" time="0.042" /><testcase classname="backend.tests.test_iteration12_critical_fixes.TestHealthEndpoint" name="test_api_root_endpoint" time="0.040" /></testsuite></testsuites>