<?xml version="1.0" encoding="utf-8"?><testsuites name="pytest tests"><testsuite name="pytest" errors="0" failures="2" skipped="0" tests="14" time="1.318" timestamp="2026-02-10T17:02:08.327279+00:00" hostname="agent-env-8e42ab96-a639-412e-a295-f88810f9c405"><testcase classname="backend.tests.test_iteration11_features.TestAuthAndBasicEndpoints" name="test_auth_me" time="0.076" /><testcase classname="backend.tests.test_iteration11_features.TestAuthAndBasicEndpoints" name="test_api_root" time="0.043" /><testcase classname="backend.tests.test_iteration11_features.TestMealSuggestionsRelatedRecipeCount" name="test_suggestions_endpoint_returns_related_recipe_count" time="0.044" /><testcase classname="backend.tests.test_iteration11_features.TestMealSuggestionsRelatedRecipeCount" name="test_suggestions_with_expiring_filter" time="0.039" /><testcase classname="backend.tests.test_iteration11_features.TestRecipeCreationWithImageChoice" name="test_create_recipe_with_ai_image" time="0.528" /><testcase classname="backend.tests.test_iteration11_features.TestRecipeCreationWithImageChoice" name="test_create_recipe_with_no_image" time="0.056" /><testcase classname="backend.tests.test_iteration11_features.TestRecipeCreationWithImageChoice" name="test_create_recipe_with_own_base64_image" time="0.083" /><testcase classname="backend.tests.test_iteration11_features.TestWeeklyPlannerSuggestions" name="test_get_recipes_grouped" time="0.037"><failure message="AssertionError: assert 'total_recipes' in {'groups': [], 'message': 'Add some recipes first!'}">backend/tests/test_iteration11_features.py:201: in test_get_recipes_grouped
    assert "total_recipes" in data
E   AssertionError: assert 'total_recipes' in {'groups': [], 'message': 'Add some recipes first!'}</failure></testcase><testcase classname="backend.tests.test_iteration11_features.TestWeeklyPlannerSuggestions" name="test_weekly_plan_crud" time="0.038" /><testcase classname="backend.tests.test_iteration11_features.TestRecipeLibraryImages" name="test_get_recipes_returns_image_urls" time="0.032" /><testcase classname="backend.tests.test_iteration11_features.TestPantryExpiringItems" name="test_get_expiring_soon" time="0.037" /><testcase classname="backend.tests.test_iteration11_features.TestPantryExpiringItems" name="test_add_pantry_item_with_expiry" time="0.041"><failure message="AssertionError: assert 'id' in {'item': {'category': 'dairy', 'expiry_date': '2026-02-13T17:02:09.470657', 'id': '07bbaa3d-f2c6-46f9-8a30-36033932433f', 'last_updated': '2026-02-10T17:02:09.504129+00:00', ...}, 'message': 'Item added to pantry'}">backend/tests/test_iteration11_features.py:272: in test_add_pantry_item_with_expiry
    assert "id" in data
E   AssertionError: assert 'id' in {'item': {'category': 'dairy', 'expiry_date': '2026-02-13T17:02:09.470657', 'id': '07bbaa3d-f2c6-46f9-8a30-36033932433f', 'last_updated': '2026-02-10T17:02:09.504129+00:00', ...}, 'message': 'Item added to pantry'}</failure></testcase><testcase classname="backend.tests.test_iteration11_features.TestRecipeImportImageConversion" name="test_scrape_recipe_url_endpoint" time="0.095" /><testcase classname="backend.tests.test_iteration11_features.TestCompositeScoreCalculation" name="test_suggestions_have_composite_score" time="0.033" /></testsuite></testsuites>