<?xml version="1.0" encoding="utf-8"?><testsuites name="pytest tests"><testsuite name="pytest" errors="0" failures="0" skipped="0" tests="8" time="0.877" timestamp="2026-02-10T00:31:43.208739+00:00" hostname="agent-env-8e42ab96-a639-412e-a295-f88810f9c405"><testcase classname="backend.tests.test_pantry_features.TestPantryAlerts" name="test_add_pantry_item_with_min_threshold" time="0.091" /><testcase classname="backend.tests.test_pantry_features.TestPantryAlerts" name="test_update_pantry_item_min_threshold" time="0.113" /><testcase classname="backend.tests.test_pantry_features.TestPantryAlerts" name="test_add_pantry_item_with_zero_threshold" time="0.039" /><testcase classname="backend.tests.test_pantry_features.TestParseIngredients" name="test_parse_ingredients_with_separate_instructions" time="0.263" /><testcase classname="backend.tests.test_pantry_features.TestParseIngredients" name="test_parse_ingredients_without_instructions" time="0.094" /><testcase classname="backend.tests.test_pantry_features.TestPantryEndpoints" name="test_get_pantry" time="0.037" /><testcase classname="backend.tests.test_pantry_features.TestPantryEndpoints" name="test_add_and_delete_pantry_item" time="0.151" /><testcase classname="backend.tests.test_pantry_features.TestHealthCheck" name="test_api_root_endpoint" time="0.033" /></testsuite></testsuites>