<?xml version="1.0" encoding="utf-8"?><testsuites name="pytest tests"><testsuite name="pytest" errors="0" failures="0" skipped="0" tests="12" time="0.640" timestamp="2026-02-11T15:50:44.530345+00:00" hostname="agent-env-e6b9debd-708e-4ad8-b4bf-cddbf374cf92"><testcase classname="backend.tests.test_cocktails_pantry_features.TestCocktailsEndpoint" name="test_cocktails_endpoint_returns_empty_initially" time="0.070" /><testcase classname="backend.tests.test_cocktails_pantry_features.TestCocktailsEndpoint" name="test_cocktails_endpoint_accepts_alcoholic_true_param" time="0.042" /><testcase classname="backend.tests.test_cocktails_pantry_features.TestCocktailsEndpoint" name="test_cocktails_endpoint_accepts_alcoholic_false_param" time="0.041" /><testcase classname="backend.tests.test_cocktails_pantry_features.TestCreateCocktailRecipe" name="test_create_alcoholic_cocktail" time="0.040" /><testcase classname="backend.tests.test_cocktails_pantry_features.TestCreateCocktailRecipe" name="test_create_non_alcoholic_cocktail" time="0.040" /><testcase classname="backend.tests.test_cocktails_pantry_features.TestCreateCocktailRecipe" name="test_cocktails_filter_returns_created_cocktails" time="0.042" /><testcase classname="backend.tests.test_cocktails_pantry_features.TestCreateCocktailRecipe" name="test_cocktails_filter_alcoholic_true" time="0.044" /><testcase classname="backend.tests.test_cocktails_pantry_features.TestCreateCocktailRecipe" name="test_cocktails_filter_alcoholic_false" time="0.042" /><testcase classname="backend.tests.test_cocktails_pantry_features.TestAddItemsToShoppingList" name="test_add_items_to_shopping_list" time="0.045" /><testcase classname="backend.tests.test_cocktails_pantry_features.TestAddItemsToShoppingList" name="test_add_items_does_not_duplicate" time="0.040" /><testcase classname="backend.tests.test_cocktails_pantry_features.TestAddItemsToShoppingList" name="test_add_items_sets_recipe_source" time="0.033" /><testcase classname="backend.tests.test_cocktails_pantry_features.TestCleanup" name="test_cleanup_test_recipes" time="0.111" /></testsuite></testsuites>