<?xml version="1.0" encoding="utf-8"?><testsuites name="pytest tests"><testsuite name="pytest" errors="0" failures="1" skipped="0" tests="8" time="1.013" timestamp="2026-02-10T00:30:53.448693+00:00" hostname="agent-env-8e42ab96-a639-412e-a295-f88810f9c405"><testcase classname="backend.tests.test_pantry_features.TestPantryAlerts" name="test_add_pantry_item_with_min_threshold" time="0.112" /><testcase classname="backend.tests.test_pantry_features.TestPantryAlerts" name="test_update_pantry_item_min_threshold" time="0.106" /><testcase classname="backend.tests.test_pantry_features.TestPantryAlerts" name="test_add_pantry_item_with_zero_threshold" time="0.074" /><testcase classname="backend.tests.test_pantry_features.TestParseIngredients" name="test_parse_ingredients_with_separate_instructions" time="0.266" /><testcase classname="backend.tests.test_pantry_features.TestParseIngredients" name="test_parse_ingredients_without_instructions" time="0.117" /><testcase classname="backend.tests.test_pantry_features.TestPantryEndpoints" name="test_get_pantry" time="0.039" /><testcase classname="backend.tests.test_pantry_features.TestPantryEndpoints" name="test_add_and_delete_pantry_item" time="0.118" /><testcase classname="backend.tests.test_pantry_features.TestHealthCheck" name="test_health_endpoint" time="0.038"><failure message="requests.exceptions.JSONDecodeError: Expecting value: line 1 column 1 (char 0)">/root/.venv/lib/python3.11/site-packages/requests/models.py:976: in json
    return complexjson.loads(self.text, **kwargs)
           ^^^^^^^^^^^^^^^^^^^^^^^^^^^^^^^^^^^^^^
/usr/local/lib/python3.11/json/__init__.py:346: in loads
    return _default_decoder.decode(s)
           ^^^^^^^^^^^^^^^^^^^^^^^^^^
/usr/local/lib/python3.11/json/decoder.py:337: in decode
    obj, end = self.raw_decode(s, idx=_w(s, 0).end())
               ^^^^^^^^^^^^^^^^^^^^^^^^^^^^^^^^^^^^^^
/usr/local/lib/python3.11/json/decoder.py:355: in raw_decode
    raise JSONDecodeError("Expecting value", s, err.value) from None
E   json.decoder.JSONDecodeError: Expecting value: line 1 column 1 (char 0)

During handling of the above exception, another exception occurred:
backend/tests/test_pantry_features.py:252: in test_health_endpoint
    data = response.json()
           ^^^^^^^^^^^^^^^
/root/.venv/lib/python3.11/site-packages/requests/models.py:980: in json
    raise RequestsJSONDecodeError(e.msg, e.doc, e.pos)
E   requests.exceptions.JSONDecodeError: Expecting value: line 1 column 1 (char 0)</failure></testcase></testsuite></testsuites>