<?xml version="1.0" encoding="utf-8"?><testsuites name="pytest tests"><testsuite name="pytest" errors="0" failures="0" skipped="0" tests="11" time="5.158" timestamp="2026-02-10T20:26:00.463704+00:00" hostname="agent-env-96b22322-ec61-42fe-b3d7-e99651b04957"><testcase classname="backend.tests.test_share_feature.TestShareEndpointAuth" name="test_share_requires_auth" time="0.075" /><testcase classname="backend.tests.test_share_feature.TestShareEndpointAuth" name="test_import_requires_auth" time="0.037" /><testcase classname="backend.tests.test_share_feature.TestSharePreview" name="test_invalid_token_returns_404" time="0.041" /><testcase classname="backend.tests.test_share_feature.TestTokenExpiry" name="test_expired_token_returns_410" time="0.358" /><testcase classname="backend.tests.test_share_feature.TestTokenExpiry" name="test_used_token_returns_410" time="0.362" /><testcase classname="backend.tests.test_share_feature.TestShareCreation" name="test_share_creates_token_or_compliance_fails" time="3.440" /><testcase classname="backend.tests.test_share_feature.TestShareCreation" name="test_share_with_nonexistent_recipe" time="0.037" /><testcase classname="backend.tests.test_share_feature.TestImportFlow" name="test_import_with_invalid_token" time="0.365" /><testcase classname="backend.tests.test_share_feature.TestNgramCompliance" name="test_ngram_function_exists" time="0.003" /><testcase classname="backend.tests.test_share_feature.TestNgramCompliance" name="test_compliance_metrics_model_exists" time="0.003" /><testcase classname="backend.tests.test_share_feature.TestSharePreviewContent" name="test_preview_has_no_recipe_content" time="0.377" /></testsuite></testsuites>